2024-11-20T15:01:17.729+08:00  INFO 11596 --- [springboot-ssr-room-11] [main] c.e.demo.SpringbootSsrRoom11Application  : Starting SpringbootSsrRoom11Application using Java 21.0.4 with PID 11596 (E:\eclipse\WorkSpace\springboot-ssr-room-11\target\classes started by NTPU in E:\eclipse\WorkSpace\springboot-ssr-room-11)
2024-11-20T15:01:17.734+08:00  INFO 11596 --- [springboot-ssr-room-11] [main] c.e.demo.SpringbootSsrRoom11Application  : No active profile set, falling back to 1 default profile: "default"
2024-11-20T15:01:18.068+08:00  INFO 11596 --- [springboot-ssr-room-11] [main] .s.d.r.c.RepositoryConfigurationDelegate : Bootstrapping Spring Data JPA repositories in DEFAULT mode.
2024-11-20T15:01:18.100+08:00  INFO 11596 --- [springboot-ssr-room-11] [main] .s.d.r.c.RepositoryConfigurationDelegate : Finished Spring Data repository scanning in 28 ms. Found 1 JPA repository interface.
2024-11-20T15:01:18.354+08:00  INFO 11596 --- [springboot-ssr-room-11] [main] o.s.b.w.embedded.tomcat.TomcatWebServer  : Tomcat initialized with port 8084 (http)
2024-11-20T15:01:18.362+08:00  INFO 11596 --- [springboot-ssr-room-11] [main] o.apache.catalina.core.StandardService   : Starting service [Tomcat]
2024-11-20T15:01:18.363+08:00  INFO 11596 --- [springboot-ssr-room-11] [main] o.apache.catalina.core.StandardEngine    : Starting Servlet engine: [Apache Tomcat/10.1.31]
2024-11-20T15:01:18.471+08:00  INFO 11596 --- [springboot-ssr-room-11] [main] org.apache.jasper.servlet.TldScanner     : At least one JAR was scanned for TLDs yet contained no TLDs. Enable debug logging for this logger for a complete list of JARs that were scanned but no TLDs were found in them. Skipping unneeded JARs during scanning can improve startup time and JSP compilation time.
2024-11-20T15:01:18.475+08:00  INFO 11596 --- [springboot-ssr-room-11] [main] o.a.c.c.C.[Tomcat].[localhost].[/]       : Initializing Spring embedded WebApplicationContext
2024-11-20T15:01:18.476+08:00  INFO 11596 --- [springboot-ssr-room-11] [main] w.s.c.ServletWebServerApplicationContext : Root WebApplicationContext: initialization completed in 719 ms
2024-11-20T15:01:18.549+08:00  INFO 11596 --- [springboot-ssr-room-11] [main] o.hibernate.jpa.internal.util.LogHelper  : HHH000204: Processing PersistenceUnitInfo [name: default]
2024-11-20T15:01:18.576+08:00  INFO 11596 --- [springboot-ssr-room-11] [main] org.hibernate.Version                    : HHH000412: Hibernate ORM core version 6.5.3.Final
2024-11-20T15:01:18.596+08:00  INFO 11596 --- [springboot-ssr-room-11] [main] o.h.c.internal.RegionFactoryInitiator    : HHH000026: Second-level cache disabled
2024-11-20T15:01:18.752+08:00  INFO 11596 --- [springboot-ssr-room-11] [main] o.s.o.j.p.SpringPersistenceUnitInfo      : No LoadTimeWeaver setup: ignoring JPA class transformer
2024-11-20T15:01:18.767+08:00  INFO 11596 --- [springboot-ssr-room-11] [main] com.zaxxer.hikari.HikariDataSource       : HikariPool-1 - Starting...
2024-11-20T15:01:18.849+08:00  INFO 11596 --- [springboot-ssr-room-11] [main] com.zaxxer.hikari.pool.HikariPool        : HikariPool-1 - Added connection com.mysql.cj.jdbc.ConnectionImpl@20890a1a
2024-11-20T15:01:18.851+08:00  INFO 11596 --- [springboot-ssr-room-11] [main] com.zaxxer.hikari.HikariDataSource       : HikariPool-1 - Start completed.
2024-11-20T15:01:19.317+08:00  INFO 11596 --- [springboot-ssr-room-11] [main] o.h.e.t.j.p.i.JtaPlatformInitiator       : HHH000489: No JTA platform available (set 'hibernate.transaction.jta.platform' to enable JTA platform integration)
2024-11-20T15:01:19.342+08:00  INFO 11596 --- [springboot-ssr-room-11] [main] j.LocalContainerEntityManagerFactoryBean : Initialized JPA EntityManagerFactory for persistence unit 'default'
2024-11-20T15:01:19.412+08:00  WARN 11596 --- [springboot-ssr-room-11] [main] JpaBaseConfiguration$JpaWebConfiguration : spring.jpa.open-in-view is enabled by default. Therefore, database queries may be performed during view rendering. Explicitly configure spring.jpa.open-in-view to disable this warning
2024-11-20T15:01:19.669+08:00  INFO 11596 --- [springboot-ssr-room-11] [main] o.s.d.j.r.query.QueryEnhancerFactory     : Hibernate is in classpath; If applicable, HQL parser will be used.
2024-11-20T15:01:19.969+08:00  INFO 11596 --- [springboot-ssr-room-11] [main] o.s.b.w.embedded.tomcat.TomcatWebServer  : Tomcat started on port 8084 (http) with context path '/'
2024-11-20T15:01:19.973+08:00  INFO 11596 --- [springboot-ssr-room-11] [main] c.e.demo.SpringbootSsrRoom11Application  : Started SpringbootSsrRoom11Application in 2.437 seconds (process running for 2.751)
2024-11-20T15:01:27.442+08:00  INFO 11596 --- [springboot-ssr-room-11] [http-nio-8084-exec-1] o.a.c.c.C.[Tomcat].[localhost].[/]       : Initializing Spring DispatcherServlet 'dispatcherServlet'
2024-11-20T15:01:27.443+08:00  INFO 11596 --- [springboot-ssr-room-11] [http-nio-8084-exec-1] o.s.web.servlet.DispatcherServlet        : Initializing Servlet 'dispatcherServlet'
2024-11-20T15:01:27.443+08:00  INFO 11596 --- [springboot-ssr-room-11] [http-nio-8084-exec-1] o.s.web.servlet.DispatcherServlet        : Completed initialization in 0 ms
2024-11-20T15:02:03.592+08:00  INFO 11596 --- [springboot-ssr-room-11] [RMI TCP Connection(10)-127.0.0.1] inMXBeanRegistrar$SpringApplicationAdmin : Application shutdown requested.
2024-11-20T15:02:03.597+08:00  INFO 11596 --- [springboot-ssr-room-11] [RMI TCP Connection(10)-127.0.0.1] j.LocalContainerEntityManagerFactoryBean : Closing JPA EntityManagerFactory for persistence unit 'default'
2024-11-20T15:02:03.598+08:00  INFO 11596 --- [springboot-ssr-room-11] [RMI TCP Connection(10)-127.0.0.1] com.zaxxer.hikari.HikariDataSource       : HikariPool-1 - Shutdown initiated...
2024-11-20T15:02:03.601+08:00  INFO 11596 --- [springboot-ssr-room-11] [RMI TCP Connection(10)-127.0.0.1] com.zaxxer.hikari.HikariDataSource       : HikariPool-1 - Shutdown completed.
